20:09:41.089 INFO [1] org.openqa.grid.selenium.GridLauncher - Launching a Selenium Grid node
20:09:41.139 INFO [1] org.openqa.grid.common.RegistrationRequest - Adding browserName=firefox,version=47.0.1,platform=LINUX
20:09:41.575 INFO [1] org.openqa.selenium.server.SeleniumServer - Writing debug logs to /var/log/2016-07-04T200940+0000.log
20:09:41.576 INFO [1] org.openqa.selenium.server.SeleniumServer - Java: Oracle Corporation 24.80-b11
20:09:41.576 INFO [1] org.openqa.selenium.server.SeleniumServer - OS: Linux 4.4.0-28-lowlatency amd64
20:09:41.580 INFO [1] org.openqa.selenium.server.SeleniumServer - v2.53.1, with Core v2.53.1. Built from revision a36b8b1
20:09:41.627 INFO [1] org.openqa.selenium.remote.server.DefaultDriverSessions - Driver provider org.openqa.selenium.ie.InternetExplorerDriver registration is skipped:
registration capabilities Capabilities [{platform=WINDOWS, ensureCleanSession=true, browserName=internet explorer, version=}] does not match the current platform LINUX
20:09:41.627 INFO [1] org.openqa.selenium.remote.server.DefaultDriverSessions - Driver provider org.openqa.selenium.edge.EdgeDriver registration is skipped:
registration capabilities Capabilities [{platform=WINDOWS, browserName=MicrosoftEdge, version=}] does not match the current platform LINUX
20:09:41.628 INFO [1] org.openqa.selenium.remote.server.DefaultDriverProvider - Driver class not found: com.opera.core.systems.OperaDriver
20:09:41.628 INFO [1] org.openqa.selenium.remote.server.DefaultDriverFactory - Driver provider com.opera.core.systems.OperaDriver is not registered
20:09:41.629 INFO [1] org.openqa.selenium.remote.server.DefaultDriverSessions - Driver provider org.openqa.selenium.safari.SafariDriver registration is skipped:
registration capabilities Capabilities [{platform=MAC, browserName=safari, version=}] does not match the current platform LINUX
20:09:41.630 INFO [1] org.openqa.selenium.remote.server.DefaultDriverProvider - Driver class not found: org.openqa.selenium.htmlunit.HtmlUnitDriver
20:09:41.630 INFO [1] org.openqa.selenium.remote.server.DefaultDriverFactory - Driver provider org.openqa.selenium.htmlunit.HtmlUnitDriver is not registered
20:09:41.663 INFO [1] org.openqa.grid.selenium.GridLauncher - Selenium Grid node is up and ready to register to the hub
20:09:41.686 INFO [16] org.openqa.grid.internal.utils.SelfRegisteringRemote - Starting auto registration thread. Will try to register every 5000 ms.
20:09:41.686 INFO [16] org.openqa.grid.internal.utils.SelfRegisteringRemote - Registering the node to the hub: http://172.18.0.1:4444/grid/register
20:09:41.712 INFO [16] org.openqa.grid.internal.utils.SelfRegisteringRemote - The node is registered to the hub and ready to use
20:53:10.897 INFO [14] org.openqa.selenium.remote.server.DriverServlet - Executing: [new session: Capabilities [{platform=LINUX, browserName=firefox, version=47.0.1}]])
20:53:10.907 INFO [21] org.openqa.selenium.remote.server.FirefoxDriverProvider - Creating a new session for Capabilities [{platform=LINUX, browserName=firefox, version=47.0.1}]
20:53:14.525 INFO [14] org.openqa.selenium.remote.server.DriverServlet - Done: [new session: Capabilities [{platform=LINUX, browserName=firefox, version=47.0.1}]]
20:53:14.744 INFO [14] org.openqa.selenium.remote.server.DriverServlet - Executing: [get current url])
20:53:14.798 INFO [14] org.openqa.selenium.remote.server.DriverServlet - Done: [get current url]
20:53:14.809 INFO [14] org.openqa.selenium.remote.server.DriverServlet - Executing: [get: http://gebish.org])
20:53:15.987 INFO [14] org.openqa.selenium.remote.server.DriverServlet - Done: [get: http://gebish.org]
20:53:16.011 INFO [14] org.openqa.selenium.remote.server.DriverServlet - Executing: [get title])
20:53:16.022 INFO [14] org.openqa.selenium.remote.server.DriverServlet - Done: [get title]
20:53:16.074 INFO [14] org.openqa.selenium.remote.server.DriverServlet - Executing: [find elements: By.cssSelector: #header-content ul li])
20:53:16.157 INFO [14] org.openqa.selenium.remote.server.DriverServlet - Done: [find elements: By.cssSelector: #header-content ul li]
20:53:16.284 INFO [14] org.openqa.selenium.remote.server.DriverServlet - Executing: [find child elements: 0 [[FirefoxDriver: firefox on LINUX (f83b6a59-fa00-4c36-bcad-ddcde19c8b0c)] -> css selector: #header-content ul li], By.xpath: child::*])
20:53:16.318 INFO [14] org.openqa.selenium.remote.server.DriverServlet - Done: [find child elements: 0 [[FirefoxDriver: firefox on LINUX (f83b6a59-fa00-4c36-bcad-ddcde19c8b0c)] -> css selector: #header-content ul li], By.xpath: child::*]
20:53:16.359 INFO [14] org.openqa.selenium.remote.server.DriverServlet - Executing: [tag name: 28 [[[[FirefoxDriver: firefox on LINUX (f83b6a59-fa00-4c36-bcad-ddcde19c8b0c)] -> css selector: #header-content ul li]] -> xpath: child::*]])
20:53:16.383 INFO [14] org.openqa.selenium.remote.server.DriverServlet - Done: [tag name: 28 [[[[FirefoxDriver: firefox on LINUX (f83b6a59-fa00-4c36-bcad-ddcde19c8b0c)] -> css selector: #header-content ul li]] -> xpath: child::*]]
20:53:16.393 INFO [14] org.openqa.selenium.remote.server.DriverServlet - Executing: [tag name: 29 [[[[FirefoxDriver: firefox on LINUX (f83b6a59-fa00-4c36-bcad-ddcde19c8b0c)] -> css selector: #header-content ul li]] -> xpath: child::*]])
20:53:16.404 INFO [14] org.openqa.selenium.remote.server.DriverServlet - Done: [tag name: 29 [[[[FirefoxDriver: firefox on LINUX (f83b6a59-fa00-4c36-bcad-ddcde19c8b0c)] -> css selector: #header-content ul li]] -> xpath: child::*]]
20:53:16.421 INFO [14] org.openqa.selenium.remote.server.DriverServlet - Executing: [mousemove: 28 false])
20:53:16.458 INFO [14] org.openqa.selenium.remote.server.DriverServlet - Done: [mousemove: 28 false]
20:53:16.468 INFO [14] org.openqa.selenium.remote.server.DriverServlet - Executing: [find elements: By.cssSelector: #header-content ul li])
20:53:16.497 INFO [14] org.openqa.selenium.remote.server.DriverServlet - Done: [find elements: By.cssSelector: #header-content ul li]
20:53:16.517 INFO [14] org.openqa.selenium.remote.server.DriverServlet - Executing: [find child elements: 0 [[FirefoxDriver: firefox on LINUX (f83b6a59-fa00-4c36-bcad-ddcde19c8b0c)] -> css selector: #header-content ul li], By.cssSelector: .link-list li a])
20:53:16.540 INFO [14] org.openqa.selenium.remote.server.DriverServlet - Done: [find child elements: 0 [[FirefoxDriver: firefox on LINUX (f83b6a59-fa00-4c36-bcad-ddcde19c8b0c)] -> css selector: #header-content ul li], By.cssSelector: .link-list li a]
20:53:16.552 INFO [14] org.openqa.selenium.remote.server.DriverServlet - Executing: [get text: 30 [[[[FirefoxDriver: firefox on LINUX (f83b6a59-fa00-4c36-bcad-ddcde19c8b0c)] -> css selector: #header-content ul li]] -> css selector: .link-list li a]])
20:53:16.566 INFO [14] org.openqa.selenium.remote.server.DriverServlet - Done: [get text: 30 [[[[FirefoxDriver: firefox on LINUX (f83b6a59-fa00-4c36-bcad-ddcde19c8b0c)] -> css selector: #header-content ul li]] -> css selector: .link-list li a]]
20:53:16.575 INFO [14] org.openqa.selenium.remote.server.DriverServlet - Executing: [find elements: By.cssSelector: #header-content ul li])
20:53:16.595 INFO [14] org.openqa.selenium.remote.server.DriverServlet - Done: [find elements: By.cssSelector: #header-content ul li]
20:53:16.611 INFO [14] org.openqa.selenium.remote.server.DriverServlet - Executing: [find child elements: 0 [[FirefoxDriver: firefox on LINUX (f83b6a59-fa00-4c36-bcad-ddcde19c8b0c)] -> css selector: #header-content ul li], By.cssSelector: .link-list li a])
20:53:16.623 INFO [14] org.openqa.selenium.remote.server.DriverServlet - Done: [find child elements: 0 [[FirefoxDriver: firefox on LINUX (f83b6a59-fa00-4c36-bcad-ddcde19c8b0c)] -> css selector: #header-content ul li], By.cssSelector: .link-list li a]
20:53:16.635 INFO [14] org.openqa.selenium.remote.server.DriverServlet - Executing: [click: 30 [[[[FirefoxDriver: firefox on LINUX (f83b6a59-fa00-4c36-bcad-ddcde19c8b0c)] -> css selector: #header-content ul li]] -> css selector: .link-list li a]])
20:53:18.919 INFO [14] org.openqa.selenium.remote.server.DriverServlet - Done: [click: 30 [[[[FirefoxDriver: firefox on LINUX (f83b6a59-fa00-4c36-bcad-ddcde19c8b0c)] -> css selector: #header-content ul li]] -> css selector: .link-list li a]]
20:53:18.935 INFO [14] org.openqa.selenium.remote.server.DriverServlet - Executing: [get title])
20:53:18.947 INFO [14] org.openqa.selenium.remote.server.DriverServlet - Done: [get title]
20:53:18.955 INFO [14] org.openqa.selenium.remote.server.DriverServlet - Executing: [get title])
20:53:18.962 INFO [14] org.openqa.selenium.remote.server.DriverServlet - Done: [get title]
20:53:18.993 INFO [14] org.openqa.selenium.remote.server.DriverServlet - Executing: [get page source])
20:53:19.333 INFO [14] org.openqa.selenium.remote.server.DriverServlet - Done: [get page source]
20:53:19.464 INFO [14] org.openqa.selenium.remote.server.DriverServlet - Executing: [take screenshot])
20:53:24.031 INFO [14] org.openqa.selenium.remote.server.DriverServlet - Done: [take screenshot]
20:53:24.372 INFO [13] org.openqa.selenium.remote.server.DriverServlet - Executing: [delete all cookies])
20:53:24.396 INFO [13] org.openqa.selenium.remote.server.DriverServlet - Done: [delete all cookies]
20:53:24.510 INFO [13] org.openqa.selenium.remote.server.DriverServlet - Executing: [get current url])
20:53:24.518 INFO [13] org.openqa.selenium.remote.server.DriverServlet - Done: [get current url]
20:53:24.527 INFO [13] org.openqa.selenium.remote.server.DriverServlet - Executing: [get: http://gebish.org])
20:53:24.793 INFO [13] org.openqa.selenium.remote.server.DriverServlet - Done: [get: http://gebish.org]
20:53:24.803 INFO [13] org.openqa.selenium.remote.server.DriverServlet - Executing: [get title])
20:53:24.816 INFO [13] org.openqa.selenium.remote.server.DriverServlet - Done: [get title]
20:53:24.834 INFO [13] org.openqa.selenium.remote.server.DriverServlet - Executing: [find elements: By.cssSelector: #header-content ul li])
20:53:24.864 INFO [13] org.openqa.selenium.remote.server.DriverServlet - Done: [find elements: By.cssSelector: #header-content ul li]
20:53:24.882 INFO [13] org.openqa.selenium.remote.server.DriverServlet - Executing: [find child elements: 41 [[FirefoxDriver: firefox on LINUX (f83b6a59-fa00-4c36-bcad-ddcde19c8b0c)] -> css selector: #header-content ul li], By.xpath: child::*])
20:53:24.899 INFO [13] org.openqa.selenium.remote.server.DriverServlet - Done: [find child elements: 41 [[FirefoxDriver: firefox on LINUX (f83b6a59-fa00-4c36-bcad-ddcde19c8b0c)] -> css selector: #header-content ul li], By.xpath: child::*]
20:53:24.911 INFO [13] org.openqa.selenium.remote.server.DriverServlet - Executing: [tag name: 69 [[[[FirefoxDriver: firefox on LINUX (f83b6a59-fa00-4c36-bcad-ddcde19c8b0c)] -> css selector: #header-content ul li]] -> xpath: child::*]])
20:53:24.926 INFO [13] org.openqa.selenium.remote.server.DriverServlet - Done: [tag name: 69 [[[[FirefoxDriver: firefox on LINUX (f83b6a59-fa00-4c36-bcad-ddcde19c8b0c)] -> css selector: #header-content ul li]] -> xpath: child::*]]
20:53:24.938 INFO [13] org.openqa.selenium.remote.server.DriverServlet - Executing: [tag name: 70 [[[[FirefoxDriver: firefox on LINUX (f83b6a59-fa00-4c36-bcad-ddcde19c8b0c)] -> css selector: #header-content ul li]] -> xpath: child::*]])
20:53:24.950 INFO [13] org.openqa.selenium.remote.server.DriverServlet - Done: [tag name: 70 [[[[FirefoxDriver: firefox on LINUX (f83b6a59-fa00-4c36-bcad-ddcde19c8b0c)] -> css selector: #header-content ul li]] -> xpath: child::*]]
20:53:24.965 INFO [13] org.openqa.selenium.remote.server.DriverServlet - Executing: [mousemove: 69 false])
20:53:24.999 INFO [13] org.openqa.selenium.remote.server.DriverServlet - Done: [mousemove: 69 false]
20:53:25.009 INFO [13] org.openqa.selenium.remote.server.DriverServlet - Executing: [find elements: By.cssSelector: #header-content ul li])
20:53:25.028 INFO [13] org.openqa.selenium.remote.server.DriverServlet - Done: [find elements: By.cssSelector: #header-content ul li]
20:53:25.045 INFO [13] org.openqa.selenium.remote.server.DriverServlet - Executing: [find child elements: 41 [[FirefoxDriver: firefox on LINUX (f83b6a59-fa00-4c36-bcad-ddcde19c8b0c)] -> css selector: #header-content ul li], By.cssSelector: .link-list li a])
20:53:25.067 INFO [13] org.openqa.selenium.remote.server.DriverServlet - Done: [find child elements: 41 [[FirefoxDriver: firefox on LINUX (f83b6a59-fa00-4c36-bcad-ddcde19c8b0c)] -> css selector: #header-content ul li], By.cssSelector: .link-list li a]
20:53:25.079 INFO [13] org.openqa.selenium.remote.server.DriverServlet - Executing: [get text: 71 [[[[FirefoxDriver: firefox on LINUX (f83b6a59-fa00-4c36-bcad-ddcde19c8b0c)] -> css selector: #header-content ul li]] -> css selector: .link-list li a]])
20:53:25.097 INFO [13] org.openqa.selenium.remote.server.DriverServlet - Done: [get text: 71 [[[[FirefoxDriver: firefox on LINUX (f83b6a59-fa00-4c36-bcad-ddcde19c8b0c)] -> css selector: #header-content ul li]] -> css selector: .link-list li a]]
20:53:25.112 INFO [13] org.openqa.selenium.remote.server.DriverServlet - Executing: [find elements: By.cssSelector: #header-content ul li])
20:53:25.145 INFO [13] org.openqa.selenium.remote.server.DriverServlet - Done: [find elements: By.cssSelector: #header-content ul li]
20:53:25.160 INFO [13] org.openqa.selenium.remote.server.DriverServlet - Executing: [find child elements: 41 [[FirefoxDriver: firefox on LINUX (f83b6a59-fa00-4c36-bcad-ddcde19c8b0c)] -> css selector: #header-content ul li], By.cssSelector: .link-list li a])
20:53:25.176 INFO [13] org.openqa.selenium.remote.server.DriverServlet - Done: [find child elements: 41 [[FirefoxDriver: firefox on LINUX (f83b6a59-fa00-4c36-bcad-ddcde19c8b0c)] -> css selector: #header-content ul li], By.cssSelector: .link-list li a]
20:53:25.188 INFO [13] org.openqa.selenium.remote.server.DriverServlet - Executing: [click: 71 [[[[FirefoxDriver: firefox on LINUX (f83b6a59-fa00-4c36-bcad-ddcde19c8b0c)] -> css selector: #header-content ul li]] -> css selector: .link-list li a]])
20:53:26.468 INFO [13] org.openqa.selenium.remote.server.DriverServlet - Done: [click: 71 [[[[FirefoxDriver: firefox on LINUX (f83b6a59-fa00-4c36-bcad-ddcde19c8b0c)] -> css selector: #header-content ul li]] -> css selector: .link-list li a]]
20:53:26.479 INFO [13] org.openqa.selenium.remote.server.DriverServlet - Executing: [get title])
20:53:26.493 INFO [13] org.openqa.selenium.remote.server.DriverServlet - Done: [get title]
20:53:26.504 INFO [13] org.openqa.selenium.remote.server.DriverServlet - Executing: [get title])
20:53:26.513 INFO [13] org.openqa.selenium.remote.server.DriverServlet - Done: [get title]
20:53:26.526 INFO [13] org.openqa.selenium.remote.server.DriverServlet - Executing: [get page source])
20:53:26.787 INFO [13] org.openqa.selenium.remote.server.DriverServlet - Done: [get page source]
20:53:26.839 INFO [13] org.openqa.selenium.remote.server.DriverServlet - Executing: [take screenshot])
20:53:31.333 INFO [13] org.openqa.selenium.remote.server.DriverServlet - Done: [take screenshot]
20:53:31.544 INFO [14] org.openqa.selenium.remote.server.DriverServlet - Executing: [delete all cookies])
20:53:31.557 INFO [14] org.openqa.selenium.remote.server.DriverServlet - Done: [delete all cookies]
20:53:31.573 INFO [14] org.openqa.selenium.remote.server.DriverServlet - Executing: [delete session: 89285812-bea2-482f-9e7c-9b7c7365fdb2])
20:53:31.660 INFO [14] org.openqa.selenium.remote.server.DriverServlet - Done: [delete session: 89285812-bea2-482f-9e7c-9b7c7365fdb2]
