15:06:28.808 INFO [1] org.openqa.grid.selenium.GridLauncher - Launching a Selenium Grid node
15:06:28.864 INFO [1] org.openqa.grid.common.RegistrationRequest - Adding browserName=firefox,version=47.0.1,platform=LINUX
15:06:29.327 INFO [1] org.openqa.selenium.server.SeleniumServer - Writing debug logs to /var/log/2016-07-06T150628+0000.log
15:06:29.328 INFO [1] org.openqa.selenium.server.SeleniumServer - Java: Oracle Corporation 24.80-b11
15:06:29.328 INFO [1] org.openqa.selenium.server.SeleniumServer - OS: Linux 4.4.0-28-lowlatency amd64
15:06:29.333 INFO [1] org.openqa.selenium.server.SeleniumServer - v2.53.1, with Core v2.53.1. Built from revision a36b8b1
15:06:29.388 INFO [1] org.openqa.selenium.remote.server.DefaultDriverSessions - Driver provider org.openqa.selenium.ie.InternetExplorerDriver registration is skipped:
registration capabilities Capabilities [{platform=WINDOWS, ensureCleanSession=true, browserName=internet explorer, version=}] does not match the current platform LINUX
15:06:29.389 INFO [1] org.openqa.selenium.remote.server.DefaultDriverSessions - Driver provider org.openqa.selenium.edge.EdgeDriver registration is skipped:
registration capabilities Capabilities [{platform=WINDOWS, browserName=MicrosoftEdge, version=}] does not match the current platform LINUX
15:06:29.389 INFO [1] org.openqa.selenium.remote.server.DefaultDriverProvider - Driver class not found: com.opera.core.systems.OperaDriver
15:06:29.389 INFO [1] org.openqa.selenium.remote.server.DefaultDriverFactory - Driver provider com.opera.core.systems.OperaDriver is not registered
15:06:29.391 INFO [1] org.openqa.selenium.remote.server.DefaultDriverSessions - Driver provider org.openqa.selenium.safari.SafariDriver registration is skipped:
registration capabilities Capabilities [{platform=MAC, browserName=safari, version=}] does not match the current platform LINUX
15:06:29.392 INFO [1] org.openqa.selenium.remote.server.DefaultDriverProvider - Driver class not found: org.openqa.selenium.htmlunit.HtmlUnitDriver
15:06:29.392 INFO [1] org.openqa.selenium.remote.server.DefaultDriverFactory - Driver provider org.openqa.selenium.htmlunit.HtmlUnitDriver is not registered
15:06:29.427 INFO [1] org.openqa.grid.selenium.GridLauncher - Selenium Grid node is up and ready to register to the hub
15:06:29.453 INFO [16] org.openqa.grid.internal.utils.SelfRegisteringRemote - Starting auto registration thread. Will try to register every 5000 ms.
15:06:29.453 INFO [16] org.openqa.grid.internal.utils.SelfRegisteringRemote - Registering the node to the hub: http://172.18.0.1:4444/grid/register
15:06:29.462 INFO [16] org.openqa.grid.internal.utils.SelfRegisteringRemote - The node is registered to the hub and ready to use
15:07:37.863 INFO [14] org.openqa.selenium.remote.server.DriverServlet - Executing: [new session: Capabilities [{platform=LINUX, browserName=firefox, version=47.0.1}]])
15:07:37.873 INFO [21] org.openqa.selenium.remote.server.FirefoxDriverProvider - Creating a new session for Capabilities [{platform=LINUX, browserName=firefox, version=47.0.1}]
15:07:41.878 INFO [14] org.openqa.selenium.remote.server.DriverServlet - Done: [new session: Capabilities [{platform=LINUX, browserName=firefox, version=47.0.1}]]
15:07:41.998 INFO [14] org.openqa.selenium.remote.server.DriverServlet - Executing: [get current url])
15:07:42.013 INFO [14] org.openqa.selenium.remote.server.DriverServlet - Done: [get current url]
15:07:42.028 INFO [14] org.openqa.selenium.remote.server.DriverServlet - Executing: [get: http://gebish.org])
15:07:44.135 INFO [14] org.openqa.selenium.remote.server.DriverServlet - Done: [get: http://gebish.org]
15:07:44.162 INFO [14] org.openqa.selenium.remote.server.DriverServlet - Executing: [get title])
15:07:44.174 INFO [14] org.openqa.selenium.remote.server.DriverServlet - Done: [get title]
15:07:44.220 INFO [14] org.openqa.selenium.remote.server.DriverServlet - Executing: [find elements: By.cssSelector: #header-content ul li])
15:07:44.307 INFO [14] org.openqa.selenium.remote.server.DriverServlet - Done: [find elements: By.cssSelector: #header-content ul li]
15:07:44.437 INFO [14] org.openqa.selenium.remote.server.DriverServlet - Executing: [find child elements: 0 [[FirefoxDriver: firefox on LINUX (6ed6bdda-26b4-4daf-8628-dd0e7e9be3b8)] -> css selector: #header-content ul li], By.xpath: child::*])
15:07:44.454 INFO [14] org.openqa.selenium.remote.server.DriverServlet - Done: [find child elements: 0 [[FirefoxDriver: firefox on LINUX (6ed6bdda-26b4-4daf-8628-dd0e7e9be3b8)] -> css selector: #header-content ul li], By.xpath: child::*]
15:07:44.487 INFO [14] org.openqa.selenium.remote.server.DriverServlet - Executing: [tag name: 28 [[[[FirefoxDriver: firefox on LINUX (6ed6bdda-26b4-4daf-8628-dd0e7e9be3b8)] -> css selector: #header-content ul li]] -> xpath: child::*]])
15:07:44.496 INFO [14] org.openqa.selenium.remote.server.DriverServlet - Done: [tag name: 28 [[[[FirefoxDriver: firefox on LINUX (6ed6bdda-26b4-4daf-8628-dd0e7e9be3b8)] -> css selector: #header-content ul li]] -> xpath: child::*]]
15:07:44.505 INFO [14] org.openqa.selenium.remote.server.DriverServlet - Executing: [tag name: 29 [[[[FirefoxDriver: firefox on LINUX (6ed6bdda-26b4-4daf-8628-dd0e7e9be3b8)] -> css selector: #header-content ul li]] -> xpath: child::*]])
15:07:44.515 INFO [14] org.openqa.selenium.remote.server.DriverServlet - Done: [tag name: 29 [[[[FirefoxDriver: firefox on LINUX (6ed6bdda-26b4-4daf-8628-dd0e7e9be3b8)] -> css selector: #header-content ul li]] -> xpath: child::*]]
15:07:44.531 INFO [14] org.openqa.selenium.remote.server.DriverServlet - Executing: [mousemove: 28 false])
15:07:44.560 INFO [14] org.openqa.selenium.remote.server.DriverServlet - Done: [mousemove: 28 false]
15:07:44.569 INFO [14] org.openqa.selenium.remote.server.DriverServlet - Executing: [find elements: By.cssSelector: #header-content ul li])
15:07:44.592 INFO [14] org.openqa.selenium.remote.server.DriverServlet - Done: [find elements: By.cssSelector: #header-content ul li]
15:07:44.610 INFO [14] org.openqa.selenium.remote.server.DriverServlet - Executing: [find child elements: 0 [[FirefoxDriver: firefox on LINUX (6ed6bdda-26b4-4daf-8628-dd0e7e9be3b8)] -> css selector: #header-content ul li], By.cssSelector: .link-list li a])
15:07:44.627 INFO [14] org.openqa.selenium.remote.server.DriverServlet - Done: [find child elements: 0 [[FirefoxDriver: firefox on LINUX (6ed6bdda-26b4-4daf-8628-dd0e7e9be3b8)] -> css selector: #header-content ul li], By.cssSelector: .link-list li a]
15:07:44.637 INFO [14] org.openqa.selenium.remote.server.DriverServlet - Executing: [get text: 30 [[[[FirefoxDriver: firefox on LINUX (6ed6bdda-26b4-4daf-8628-dd0e7e9be3b8)] -> css selector: #header-content ul li]] -> css selector: .link-list li a]])
15:07:44.653 INFO [14] org.openqa.selenium.remote.server.DriverServlet - Done: [get text: 30 [[[[FirefoxDriver: firefox on LINUX (6ed6bdda-26b4-4daf-8628-dd0e7e9be3b8)] -> css selector: #header-content ul li]] -> css selector: .link-list li a]]
15:07:44.663 INFO [14] org.openqa.selenium.remote.server.DriverServlet - Executing: [find elements: By.cssSelector: #header-content ul li])
15:07:44.687 INFO [14] org.openqa.selenium.remote.server.DriverServlet - Done: [find elements: By.cssSelector: #header-content ul li]
15:07:44.703 INFO [14] org.openqa.selenium.remote.server.DriverServlet - Executing: [find child elements: 0 [[FirefoxDriver: firefox on LINUX (6ed6bdda-26b4-4daf-8628-dd0e7e9be3b8)] -> css selector: #header-content ul li], By.cssSelector: .link-list li a])
15:07:44.719 INFO [14] org.openqa.selenium.remote.server.DriverServlet - Done: [find child elements: 0 [[FirefoxDriver: firefox on LINUX (6ed6bdda-26b4-4daf-8628-dd0e7e9be3b8)] -> css selector: #header-content ul li], By.cssSelector: .link-list li a]
15:07:44.732 INFO [14] org.openqa.selenium.remote.server.DriverServlet - Executing: [click: 30 [[[[FirefoxDriver: firefox on LINUX (6ed6bdda-26b4-4daf-8628-dd0e7e9be3b8)] -> css selector: #header-content ul li]] -> css selector: .link-list li a]])
15:07:47.044 INFO [14] org.openqa.selenium.remote.server.DriverServlet - Done: [click: 30 [[[[FirefoxDriver: firefox on LINUX (6ed6bdda-26b4-4daf-8628-dd0e7e9be3b8)] -> css selector: #header-content ul li]] -> css selector: .link-list li a]]
15:07:47.061 INFO [14] org.openqa.selenium.remote.server.DriverServlet - Executing: [get title])
15:07:47.073 INFO [14] org.openqa.selenium.remote.server.DriverServlet - Done: [get title]
15:07:47.082 INFO [14] org.openqa.selenium.remote.server.DriverServlet - Executing: [get title])
15:07:47.089 INFO [14] org.openqa.selenium.remote.server.DriverServlet - Done: [get title]
15:07:47.123 INFO [14] org.openqa.selenium.remote.server.DriverServlet - Executing: [get page source])
15:07:47.476 INFO [14] org.openqa.selenium.remote.server.DriverServlet - Done: [get page source]
15:07:47.577 INFO [14] org.openqa.selenium.remote.server.DriverServlet - Executing: [take screenshot])
15:07:52.178 INFO [14] org.openqa.selenium.remote.server.DriverServlet - Done: [take screenshot]
15:07:52.538 INFO [14] org.openqa.selenium.remote.server.DriverServlet - Executing: [delete all cookies])
15:07:52.557 INFO [14] org.openqa.selenium.remote.server.DriverServlet - Done: [delete all cookies]
15:07:52.680 INFO [14] org.openqa.selenium.remote.server.DriverServlet - Executing: [get current url])
15:07:52.688 INFO [14] org.openqa.selenium.remote.server.DriverServlet - Done: [get current url]
15:07:52.697 INFO [14] org.openqa.selenium.remote.server.DriverServlet - Executing: [get: http://gebish.org])
15:07:53.105 INFO [14] org.openqa.selenium.remote.server.DriverServlet - Done: [get: http://gebish.org]
15:07:53.117 INFO [14] org.openqa.selenium.remote.server.DriverServlet - Executing: [get title])
15:07:53.127 INFO [14] org.openqa.selenium.remote.server.DriverServlet - Done: [get title]
15:07:53.144 INFO [14] org.openqa.selenium.remote.server.DriverServlet - Executing: [find elements: By.cssSelector: #header-content ul li])
15:07:53.175 INFO [14] org.openqa.selenium.remote.server.DriverServlet - Done: [find elements: By.cssSelector: #header-content ul li]
15:07:53.194 INFO [14] org.openqa.selenium.remote.server.DriverServlet - Executing: [find child elements: 41 [[FirefoxDriver: firefox on LINUX (6ed6bdda-26b4-4daf-8628-dd0e7e9be3b8)] -> css selector: #header-content ul li], By.xpath: child::*])
15:07:53.211 INFO [14] org.openqa.selenium.remote.server.DriverServlet - Done: [find child elements: 41 [[FirefoxDriver: firefox on LINUX (6ed6bdda-26b4-4daf-8628-dd0e7e9be3b8)] -> css selector: #header-content ul li], By.xpath: child::*]
15:07:53.223 INFO [14] org.openqa.selenium.remote.server.DriverServlet - Executing: [tag name: 69 [[[[FirefoxDriver: firefox on LINUX (6ed6bdda-26b4-4daf-8628-dd0e7e9be3b8)] -> css selector: #header-content ul li]] -> xpath: child::*]])
15:07:53.231 INFO [14] org.openqa.selenium.remote.server.DriverServlet - Done: [tag name: 69 [[[[FirefoxDriver: firefox on LINUX (6ed6bdda-26b4-4daf-8628-dd0e7e9be3b8)] -> css selector: #header-content ul li]] -> xpath: child::*]]
15:07:53.240 INFO [14] org.openqa.selenium.remote.server.DriverServlet - Executing: [tag name: 70 [[[[FirefoxDriver: firefox on LINUX (6ed6bdda-26b4-4daf-8628-dd0e7e9be3b8)] -> css selector: #header-content ul li]] -> xpath: child::*]])
15:07:53.251 INFO [14] org.openqa.selenium.remote.server.DriverServlet - Done: [tag name: 70 [[[[FirefoxDriver: firefox on LINUX (6ed6bdda-26b4-4daf-8628-dd0e7e9be3b8)] -> css selector: #header-content ul li]] -> xpath: child::*]]
15:07:53.264 INFO [14] org.openqa.selenium.remote.server.DriverServlet - Executing: [mousemove: 69 false])
15:07:53.290 INFO [14] org.openqa.selenium.remote.server.DriverServlet - Done: [mousemove: 69 false]
15:07:53.303 INFO [14] org.openqa.selenium.remote.server.DriverServlet - Executing: [find elements: By.cssSelector: #header-content ul li])
15:07:53.332 INFO [14] org.openqa.selenium.remote.server.DriverServlet - Done: [find elements: By.cssSelector: #header-content ul li]
15:07:53.349 INFO [14] org.openqa.selenium.remote.server.DriverServlet - Executing: [find child elements: 41 [[FirefoxDriver: firefox on LINUX (6ed6bdda-26b4-4daf-8628-dd0e7e9be3b8)] -> css selector: #header-content ul li], By.cssSelector: .link-list li a])
15:07:53.372 INFO [14] org.openqa.selenium.remote.server.DriverServlet - Done: [find child elements: 41 [[FirefoxDriver: firefox on LINUX (6ed6bdda-26b4-4daf-8628-dd0e7e9be3b8)] -> css selector: #header-content ul li], By.cssSelector: .link-list li a]
15:07:53.383 INFO [14] org.openqa.selenium.remote.server.DriverServlet - Executing: [get text: 71 [[[[FirefoxDriver: firefox on LINUX (6ed6bdda-26b4-4daf-8628-dd0e7e9be3b8)] -> css selector: #header-content ul li]] -> css selector: .link-list li a]])
15:07:53.395 INFO [14] org.openqa.selenium.remote.server.DriverServlet - Done: [get text: 71 [[[[FirefoxDriver: firefox on LINUX (6ed6bdda-26b4-4daf-8628-dd0e7e9be3b8)] -> css selector: #header-content ul li]] -> css selector: .link-list li a]]
15:07:53.409 INFO [14] org.openqa.selenium.remote.server.DriverServlet - Executing: [find elements: By.cssSelector: #header-content ul li])
15:07:53.438 INFO [14] org.openqa.selenium.remote.server.DriverServlet - Done: [find elements: By.cssSelector: #header-content ul li]
15:07:53.458 INFO [14] org.openqa.selenium.remote.server.DriverServlet - Executing: [find child elements: 41 [[FirefoxDriver: firefox on LINUX (6ed6bdda-26b4-4daf-8628-dd0e7e9be3b8)] -> css selector: #header-content ul li], By.cssSelector: .link-list li a])
15:07:53.478 INFO [14] org.openqa.selenium.remote.server.DriverServlet - Done: [find child elements: 41 [[FirefoxDriver: firefox on LINUX (6ed6bdda-26b4-4daf-8628-dd0e7e9be3b8)] -> css selector: #header-content ul li], By.cssSelector: .link-list li a]
15:07:53.490 INFO [14] org.openqa.selenium.remote.server.DriverServlet - Executing: [click: 71 [[[[FirefoxDriver: firefox on LINUX (6ed6bdda-26b4-4daf-8628-dd0e7e9be3b8)] -> css selector: #header-content ul li]] -> css selector: .link-list li a]])
15:07:54.765 INFO [14] org.openqa.selenium.remote.server.DriverServlet - Done: [click: 71 [[[[FirefoxDriver: firefox on LINUX (6ed6bdda-26b4-4daf-8628-dd0e7e9be3b8)] -> css selector: #header-content ul li]] -> css selector: .link-list li a]]
15:07:54.776 INFO [14] org.openqa.selenium.remote.server.DriverServlet - Executing: [get title])
15:07:54.792 INFO [14] org.openqa.selenium.remote.server.DriverServlet - Done: [get title]
15:07:54.802 INFO [14] org.openqa.selenium.remote.server.DriverServlet - Executing: [get title])
15:07:54.809 INFO [14] org.openqa.selenium.remote.server.DriverServlet - Done: [get title]
15:07:54.822 INFO [14] org.openqa.selenium.remote.server.DriverServlet - Executing: [get page source])
15:07:55.083 INFO [14] org.openqa.selenium.remote.server.DriverServlet - Done: [get page source]
15:07:55.139 INFO [14] org.openqa.selenium.remote.server.DriverServlet - Executing: [take screenshot])
15:07:59.559 INFO [14] org.openqa.selenium.remote.server.DriverServlet - Done: [take screenshot]
15:07:59.763 INFO [14] org.openqa.selenium.remote.server.DriverServlet - Executing: [delete all cookies])
15:07:59.780 INFO [14] org.openqa.selenium.remote.server.DriverServlet - Done: [delete all cookies]
15:07:59.796 INFO [14] org.openqa.selenium.remote.server.DriverServlet - Executing: [delete session: fb923b42-6f7a-4ff0-9a27-3b7d946edc01])
15:07:59.878 INFO [14] org.openqa.selenium.remote.server.DriverServlet - Done: [delete session: fb923b42-6f7a-4ff0-9a27-3b7d946edc01]
