02:59:05.135 INFO [1] org.openqa.grid.selenium.GridLauncher - Launching a Selenium Grid node
02:59:05.189 INFO [1] org.openqa.grid.common.RegistrationRequest - Adding browserName=firefox,version=46.0,platform=LINUX
02:59:05.653 INFO [1] org.openqa.selenium.server.SeleniumServer - Writing debug logs to /var/log/2016-06-20T025904+0000.log
02:59:05.653 INFO [1] org.openqa.selenium.server.SeleniumServer - Java: Oracle Corporation 24.80-b11
02:59:05.654 INFO [1] org.openqa.selenium.server.SeleniumServer - OS: Linux 4.4.0-24-lowlatency amd64
02:59:05.661 INFO [1] org.openqa.selenium.server.SeleniumServer - v2.53.0, with Core v2.53.0. Built from revision 35ae25b
02:59:05.715 INFO [1] org.openqa.selenium.remote.server.DefaultDriverSessions - Driver provider org.openqa.selenium.ie.InternetExplorerDriver registration is skipped:
registration capabilities Capabilities [{platform=WINDOWS, ensureCleanSession=true, browserName=internet explorer, version=}] does not match the current platform LINUX
02:59:05.715 INFO [1] org.openqa.selenium.remote.server.DefaultDriverSessions - Driver provider org.openqa.selenium.edge.EdgeDriver registration is skipped:
registration capabilities Capabilities [{platform=WINDOWS, browserName=MicrosoftEdge, version=}] does not match the current platform LINUX
02:59:05.715 INFO [1] org.openqa.selenium.remote.server.DefaultDriverProvider - Driver class not found: com.opera.core.systems.OperaDriver
02:59:05.715 INFO [1] org.openqa.selenium.remote.server.DefaultDriverFactory - Driver provider com.opera.core.systems.OperaDriver is not registered
02:59:05.716 INFO [1] org.openqa.selenium.remote.server.DefaultDriverSessions - Driver provider org.openqa.selenium.safari.SafariDriver registration is skipped:
registration capabilities Capabilities [{platform=MAC, browserName=safari, version=}] does not match the current platform LINUX
02:59:05.717 INFO [1] org.openqa.selenium.remote.server.DefaultDriverProvider - Driver class not found: org.openqa.selenium.htmlunit.HtmlUnitDriver
02:59:05.717 INFO [1] org.openqa.selenium.remote.server.DefaultDriverFactory - Driver provider org.openqa.selenium.htmlunit.HtmlUnitDriver is not registered
02:59:05.753 INFO [1] org.openqa.grid.selenium.GridLauncher - Selenium Grid node is up and ready to register to the hub
02:59:05.778 INFO [16] org.openqa.grid.internal.utils.SelfRegisteringRemote - Starting auto registration thread. Will try to register every 5000 ms.
02:59:05.778 INFO [16] org.openqa.grid.internal.utils.SelfRegisteringRemote - Registering the node to the hub: http://172.18.0.1:4433/grid/register
02:59:05.788 INFO [16] org.openqa.grid.internal.utils.SelfRegisteringRemote - The node is registered to the hub and ready to use
