14:16:04.968 INFO [1] org.openqa.grid.selenium.GridLauncher - Launching a Selenium Grid node
14:16:05.017 INFO [1] org.openqa.grid.common.RegistrationRequest - Adding browserName=firefox,version=47.0.1,platform=LINUX
14:16:05.498 INFO [1] org.openqa.selenium.server.SeleniumServer - Writing debug logs to /var/log/2016-07-06T141604+0000.log
14:16:05.498 INFO [1] org.openqa.selenium.server.SeleniumServer - Java: Oracle Corporation 24.80-b11
14:16:05.498 INFO [1] org.openqa.selenium.server.SeleniumServer - OS: Linux 4.4.0-28-lowlatency amd64
14:16:05.503 INFO [1] org.openqa.selenium.server.SeleniumServer - v2.53.1, with Core v2.53.1. Built from revision a36b8b1
14:16:05.552 INFO [1] org.openqa.selenium.remote.server.DefaultDriverSessions - Driver provider org.openqa.selenium.ie.InternetExplorerDriver registration is skipped:
registration capabilities Capabilities [{platform=WINDOWS, ensureCleanSession=true, browserName=internet explorer, version=}] does not match the current platform LINUX
14:16:05.552 INFO [1] org.openqa.selenium.remote.server.DefaultDriverSessions - Driver provider org.openqa.selenium.edge.EdgeDriver registration is skipped:
registration capabilities Capabilities [{platform=WINDOWS, browserName=MicrosoftEdge, version=}] does not match the current platform LINUX
14:16:05.552 INFO [1] org.openqa.selenium.remote.server.DefaultDriverProvider - Driver class not found: com.opera.core.systems.OperaDriver
14:16:05.552 INFO [1] org.openqa.selenium.remote.server.DefaultDriverFactory - Driver provider com.opera.core.systems.OperaDriver is not registered
14:16:05.553 INFO [1] org.openqa.selenium.remote.server.DefaultDriverSessions - Driver provider org.openqa.selenium.safari.SafariDriver registration is skipped:
registration capabilities Capabilities [{platform=MAC, browserName=safari, version=}] does not match the current platform LINUX
14:16:05.554 INFO [1] org.openqa.selenium.remote.server.DefaultDriverProvider - Driver class not found: org.openqa.selenium.htmlunit.HtmlUnitDriver
14:16:05.554 INFO [1] org.openqa.selenium.remote.server.DefaultDriverFactory - Driver provider org.openqa.selenium.htmlunit.HtmlUnitDriver is not registered
14:16:05.595 INFO [1] org.openqa.grid.selenium.GridLauncher - Selenium Grid node is up and ready to register to the hub
14:16:05.626 INFO [16] org.openqa.grid.internal.utils.SelfRegisteringRemote - Starting auto registration thread. Will try to register every 5000 ms.
14:16:05.627 INFO [16] org.openqa.grid.internal.utils.SelfRegisteringRemote - Registering the node to the hub: http://172.18.0.1:4444/grid/register
14:16:05.650 INFO [16] org.openqa.grid.internal.utils.SelfRegisteringRemote - The node is registered to the hub and ready to use
14:16:21.361 INFO [14] org.openqa.selenium.remote.server.DriverServlet - Executing: [new session: Capabilities [{platform=LINUX, browserName=firefox, version=47.0.1}]])
14:16:21.374 INFO [21] org.openqa.selenium.remote.server.FirefoxDriverProvider - Creating a new session for Capabilities [{platform=LINUX, browserName=firefox, version=47.0.1}]
14:16:28.940 INFO [14] org.openqa.selenium.remote.server.DriverServlet - Done: [new session: Capabilities [{platform=LINUX, browserName=firefox, version=47.0.1}]]
14:16:29.134 INFO [13] org.openqa.selenium.remote.server.DriverServlet - Executing: [get current url])
14:16:29.184 INFO [13] org.openqa.selenium.remote.server.DriverServlet - Done: [get current url]
14:16:29.196 INFO [13] org.openqa.selenium.remote.server.DriverServlet - Executing: [get: http://gebish.org])
14:16:30.617 INFO [13] org.openqa.selenium.remote.server.DriverServlet - Done: [get: http://gebish.org]
14:16:30.642 INFO [13] org.openqa.selenium.remote.server.DriverServlet - Executing: [get title])
14:16:30.652 INFO [13] org.openqa.selenium.remote.server.DriverServlet - Done: [get title]
14:16:30.750 INFO [13] org.openqa.selenium.remote.server.DriverServlet - Executing: [find elements: By.cssSelector: #header-content ul li])
14:16:30.849 INFO [13] org.openqa.selenium.remote.server.DriverServlet - Done: [find elements: By.cssSelector: #header-content ul li]
14:16:31.022 INFO [13] org.openqa.selenium.remote.server.DriverServlet - Executing: [find child elements: 0 [[FirefoxDriver: firefox on LINUX (52b66626-c7dd-4c9e-b36c-1215268d2aa4)] -> css selector: #header-content ul li], By.xpath: child::*])
14:16:31.040 INFO [13] org.openqa.selenium.remote.server.DriverServlet - Done: [find child elements: 0 [[FirefoxDriver: firefox on LINUX (52b66626-c7dd-4c9e-b36c-1215268d2aa4)] -> css selector: #header-content ul li], By.xpath: child::*]
14:16:31.076 INFO [13] org.openqa.selenium.remote.server.DriverServlet - Executing: [tag name: 28 [[[[FirefoxDriver: firefox on LINUX (52b66626-c7dd-4c9e-b36c-1215268d2aa4)] -> css selector: #header-content ul li]] -> xpath: child::*]])
14:16:31.087 INFO [13] org.openqa.selenium.remote.server.DriverServlet - Done: [tag name: 28 [[[[FirefoxDriver: firefox on LINUX (52b66626-c7dd-4c9e-b36c-1215268d2aa4)] -> css selector: #header-content ul li]] -> xpath: child::*]]
14:16:31.098 INFO [13] org.openqa.selenium.remote.server.DriverServlet - Executing: [tag name: 29 [[[[FirefoxDriver: firefox on LINUX (52b66626-c7dd-4c9e-b36c-1215268d2aa4)] -> css selector: #header-content ul li]] -> xpath: child::*]])
14:16:31.109 INFO [13] org.openqa.selenium.remote.server.DriverServlet - Done: [tag name: 29 [[[[FirefoxDriver: firefox on LINUX (52b66626-c7dd-4c9e-b36c-1215268d2aa4)] -> css selector: #header-content ul li]] -> xpath: child::*]]
14:16:31.126 INFO [13] org.openqa.selenium.remote.server.DriverServlet - Executing: [mousemove: 28 false])
14:16:31.154 INFO [13] org.openqa.selenium.remote.server.DriverServlet - Done: [mousemove: 28 false]
14:16:31.166 INFO [13] org.openqa.selenium.remote.server.DriverServlet - Executing: [find elements: By.cssSelector: #header-content ul li])
14:16:31.195 INFO [13] org.openqa.selenium.remote.server.DriverServlet - Done: [find elements: By.cssSelector: #header-content ul li]
14:16:31.214 INFO [13] org.openqa.selenium.remote.server.DriverServlet - Executing: [find child elements: 0 [[FirefoxDriver: firefox on LINUX (52b66626-c7dd-4c9e-b36c-1215268d2aa4)] -> css selector: #header-content ul li], By.cssSelector: .link-list li a])
14:16:31.234 INFO [13] org.openqa.selenium.remote.server.DriverServlet - Done: [find child elements: 0 [[FirefoxDriver: firefox on LINUX (52b66626-c7dd-4c9e-b36c-1215268d2aa4)] -> css selector: #header-content ul li], By.cssSelector: .link-list li a]
14:16:31.247 INFO [13] org.openqa.selenium.remote.server.DriverServlet - Executing: [get text: 30 [[[[FirefoxDriver: firefox on LINUX (52b66626-c7dd-4c9e-b36c-1215268d2aa4)] -> css selector: #header-content ul li]] -> css selector: .link-list li a]])
14:16:31.265 INFO [13] org.openqa.selenium.remote.server.DriverServlet - Done: [get text: 30 [[[[FirefoxDriver: firefox on LINUX (52b66626-c7dd-4c9e-b36c-1215268d2aa4)] -> css selector: #header-content ul li]] -> css selector: .link-list li a]]
14:16:31.278 INFO [13] org.openqa.selenium.remote.server.DriverServlet - Executing: [find elements: By.cssSelector: #header-content ul li])
14:16:31.301 INFO [13] org.openqa.selenium.remote.server.DriverServlet - Done: [find elements: By.cssSelector: #header-content ul li]
14:16:31.327 INFO [13] org.openqa.selenium.remote.server.DriverServlet - Executing: [find child elements: 0 [[FirefoxDriver: firefox on LINUX (52b66626-c7dd-4c9e-b36c-1215268d2aa4)] -> css selector: #header-content ul li], By.cssSelector: .link-list li a])
14:16:31.342 INFO [13] org.openqa.selenium.remote.server.DriverServlet - Done: [find child elements: 0 [[FirefoxDriver: firefox on LINUX (52b66626-c7dd-4c9e-b36c-1215268d2aa4)] -> css selector: #header-content ul li], By.cssSelector: .link-list li a]
14:16:31.357 INFO [13] org.openqa.selenium.remote.server.DriverServlet - Executing: [click: 30 [[[[FirefoxDriver: firefox on LINUX (52b66626-c7dd-4c9e-b36c-1215268d2aa4)] -> css selector: #header-content ul li]] -> css selector: .link-list li a]])
14:16:31.451 INFO [13] org.openqa.selenium.remote.server.DriverServlet - Done: [click: 30 [[[[FirefoxDriver: firefox on LINUX (52b66626-c7dd-4c9e-b36c-1215268d2aa4)] -> css selector: #header-content ul li]] -> css selector: .link-list li a]]
14:16:31.487 INFO [13] org.openqa.selenium.remote.server.DriverServlet - Executing: [get title])
14:16:33.683 INFO [13] org.openqa.selenium.remote.server.DriverServlet - Done: [get title]
14:16:33.695 INFO [13] org.openqa.selenium.remote.server.DriverServlet - Executing: [get title])
14:16:33.704 INFO [13] org.openqa.selenium.remote.server.DriverServlet - Done: [get title]
14:16:33.753 INFO [13] org.openqa.selenium.remote.server.DriverServlet - Executing: [get page source])
14:16:34.117 INFO [13] org.openqa.selenium.remote.server.DriverServlet - Done: [get page source]
14:16:34.234 INFO [13] org.openqa.selenium.remote.server.DriverServlet - Executing: [take screenshot])
14:16:38.932 INFO [13] org.openqa.selenium.remote.server.DriverServlet - Done: [take screenshot]
14:16:39.361 INFO [14] org.openqa.selenium.remote.server.DriverServlet - Executing: [delete all cookies])
14:16:39.374 INFO [14] org.openqa.selenium.remote.server.DriverServlet - Done: [delete all cookies]
14:16:39.513 INFO [14] org.openqa.selenium.remote.server.DriverServlet - Executing: [get current url])
14:16:39.522 INFO [14] org.openqa.selenium.remote.server.DriverServlet - Done: [get current url]
14:16:39.534 INFO [14] org.openqa.selenium.remote.server.DriverServlet - Executing: [get: http://gebish.org])
14:16:40.058 INFO [14] org.openqa.selenium.remote.server.DriverServlet - Done: [get: http://gebish.org]
14:16:40.072 INFO [14] org.openqa.selenium.remote.server.DriverServlet - Executing: [get title])
14:16:40.083 INFO [14] org.openqa.selenium.remote.server.DriverServlet - Done: [get title]
14:16:40.103 INFO [14] org.openqa.selenium.remote.server.DriverServlet - Executing: [find elements: By.cssSelector: #header-content ul li])
14:16:40.134 INFO [14] org.openqa.selenium.remote.server.DriverServlet - Done: [find elements: By.cssSelector: #header-content ul li]
14:16:40.155 INFO [14] org.openqa.selenium.remote.server.DriverServlet - Executing: [find child elements: 41 [[FirefoxDriver: firefox on LINUX (52b66626-c7dd-4c9e-b36c-1215268d2aa4)] -> css selector: #header-content ul li], By.xpath: child::*])
14:16:40.174 INFO [14] org.openqa.selenium.remote.server.DriverServlet - Done: [find child elements: 41 [[FirefoxDriver: firefox on LINUX (52b66626-c7dd-4c9e-b36c-1215268d2aa4)] -> css selector: #header-content ul li], By.xpath: child::*]
14:16:40.186 INFO [14] org.openqa.selenium.remote.server.DriverServlet - Executing: [tag name: 69 [[[[FirefoxDriver: firefox on LINUX (52b66626-c7dd-4c9e-b36c-1215268d2aa4)] -> css selector: #header-content ul li]] -> xpath: child::*]])
14:16:40.194 INFO [14] org.openqa.selenium.remote.server.DriverServlet - Done: [tag name: 69 [[[[FirefoxDriver: firefox on LINUX (52b66626-c7dd-4c9e-b36c-1215268d2aa4)] -> css selector: #header-content ul li]] -> xpath: child::*]]
14:16:40.204 INFO [14] org.openqa.selenium.remote.server.DriverServlet - Executing: [tag name: 70 [[[[FirefoxDriver: firefox on LINUX (52b66626-c7dd-4c9e-b36c-1215268d2aa4)] -> css selector: #header-content ul li]] -> xpath: child::*]])
14:16:40.212 INFO [14] org.openqa.selenium.remote.server.DriverServlet - Done: [tag name: 70 [[[[FirefoxDriver: firefox on LINUX (52b66626-c7dd-4c9e-b36c-1215268d2aa4)] -> css selector: #header-content ul li]] -> xpath: child::*]]
14:16:40.226 INFO [14] org.openqa.selenium.remote.server.DriverServlet - Executing: [mousemove: 69 false])
14:16:40.260 INFO [14] org.openqa.selenium.remote.server.DriverServlet - Done: [mousemove: 69 false]
14:16:40.273 INFO [14] org.openqa.selenium.remote.server.DriverServlet - Executing: [find elements: By.cssSelector: #header-content ul li])
14:16:40.301 INFO [14] org.openqa.selenium.remote.server.DriverServlet - Done: [find elements: By.cssSelector: #header-content ul li]
14:16:40.323 INFO [14] org.openqa.selenium.remote.server.DriverServlet - Executing: [find child elements: 41 [[FirefoxDriver: firefox on LINUX (52b66626-c7dd-4c9e-b36c-1215268d2aa4)] -> css selector: #header-content ul li], By.cssSelector: .link-list li a])
14:16:40.354 INFO [14] org.openqa.selenium.remote.server.DriverServlet - Done: [find child elements: 41 [[FirefoxDriver: firefox on LINUX (52b66626-c7dd-4c9e-b36c-1215268d2aa4)] -> css selector: #header-content ul li], By.cssSelector: .link-list li a]
14:16:40.371 INFO [14] org.openqa.selenium.remote.server.DriverServlet - Executing: [get text: 71 [[[[FirefoxDriver: firefox on LINUX (52b66626-c7dd-4c9e-b36c-1215268d2aa4)] -> css selector: #header-content ul li]] -> css selector: .link-list li a]])
14:16:40.386 INFO [14] org.openqa.selenium.remote.server.DriverServlet - Done: [get text: 71 [[[[FirefoxDriver: firefox on LINUX (52b66626-c7dd-4c9e-b36c-1215268d2aa4)] -> css selector: #header-content ul li]] -> css selector: .link-list li a]]
14:16:40.401 INFO [14] org.openqa.selenium.remote.server.DriverServlet - Executing: [find elements: By.cssSelector: #header-content ul li])
14:16:40.429 INFO [14] org.openqa.selenium.remote.server.DriverServlet - Done: [find elements: By.cssSelector: #header-content ul li]
14:16:40.449 INFO [14] org.openqa.selenium.remote.server.DriverServlet - Executing: [find child elements: 41 [[FirefoxDriver: firefox on LINUX (52b66626-c7dd-4c9e-b36c-1215268d2aa4)] -> css selector: #header-content ul li], By.cssSelector: .link-list li a])
14:16:40.466 INFO [14] org.openqa.selenium.remote.server.DriverServlet - Done: [find child elements: 41 [[FirefoxDriver: firefox on LINUX (52b66626-c7dd-4c9e-b36c-1215268d2aa4)] -> css selector: #header-content ul li], By.cssSelector: .link-list li a]
14:16:40.479 INFO [14] org.openqa.selenium.remote.server.DriverServlet - Executing: [click: 71 [[[[FirefoxDriver: firefox on LINUX (52b66626-c7dd-4c9e-b36c-1215268d2aa4)] -> css selector: #header-content ul li]] -> css selector: .link-list li a]])
14:16:41.740 INFO [14] org.openqa.selenium.remote.server.DriverServlet - Done: [click: 71 [[[[FirefoxDriver: firefox on LINUX (52b66626-c7dd-4c9e-b36c-1215268d2aa4)] -> css selector: #header-content ul li]] -> css selector: .link-list li a]]
14:16:41.752 INFO [14] org.openqa.selenium.remote.server.DriverServlet - Executing: [get title])
14:16:41.760 INFO [14] org.openqa.selenium.remote.server.DriverServlet - Done: [get title]
14:16:41.770 INFO [14] org.openqa.selenium.remote.server.DriverServlet - Executing: [get title])
14:16:41.780 INFO [14] org.openqa.selenium.remote.server.DriverServlet - Done: [get title]
14:16:41.796 INFO [14] org.openqa.selenium.remote.server.DriverServlet - Executing: [get page source])
14:16:42.060 INFO [14] org.openqa.selenium.remote.server.DriverServlet - Done: [get page source]
14:16:42.129 INFO [14] org.openqa.selenium.remote.server.DriverServlet - Executing: [take screenshot])
14:16:46.681 INFO [14] org.openqa.selenium.remote.server.DriverServlet - Done: [take screenshot]
14:16:46.900 INFO [13] org.openqa.selenium.remote.server.DriverServlet - Executing: [delete all cookies])
14:16:46.917 INFO [13] org.openqa.selenium.remote.server.DriverServlet - Done: [delete all cookies]
14:16:46.934 INFO [13] org.openqa.selenium.remote.server.DriverServlet - Executing: [delete session: 9e083af9-29fc-49f5-88d8-38d610f2ede7])
14:16:47.019 INFO [13] org.openqa.selenium.remote.server.DriverServlet - Done: [delete session: 9e083af9-29fc-49f5-88d8-38d610f2ede7]
