19:59:44.256 INFO [1] org.openqa.grid.selenium.GridLauncher - Launching a Selenium Grid node
19:59:44.306 INFO [1] org.openqa.grid.common.RegistrationRequest - Adding browserName=firefox,version=47.0.1,platform=LINUX
19:59:44.752 INFO [1] org.openqa.selenium.server.SeleniumServer - Writing debug logs to /var/log/2016-07-04T195944+0000.log
19:59:44.752 INFO [1] org.openqa.selenium.server.SeleniumServer - Java: Oracle Corporation 24.80-b11
19:59:44.752 INFO [1] org.openqa.selenium.server.SeleniumServer - OS: Linux 4.4.0-28-lowlatency amd64
19:59:44.757 INFO [1] org.openqa.selenium.server.SeleniumServer - v2.53.1, with Core v2.53.1. Built from revision a36b8b1
19:59:44.803 INFO [1] org.openqa.selenium.remote.server.DefaultDriverSessions - Driver provider org.openqa.selenium.ie.InternetExplorerDriver registration is skipped:
registration capabilities Capabilities [{platform=WINDOWS, ensureCleanSession=true, browserName=internet explorer, version=}] does not match the current platform LINUX
19:59:44.804 INFO [1] org.openqa.selenium.remote.server.DefaultDriverSessions - Driver provider org.openqa.selenium.edge.EdgeDriver registration is skipped:
registration capabilities Capabilities [{platform=WINDOWS, browserName=MicrosoftEdge, version=}] does not match the current platform LINUX
19:59:44.804 INFO [1] org.openqa.selenium.remote.server.DefaultDriverProvider - Driver class not found: com.opera.core.systems.OperaDriver
19:59:44.804 INFO [1] org.openqa.selenium.remote.server.DefaultDriverFactory - Driver provider com.opera.core.systems.OperaDriver is not registered
19:59:44.805 INFO [1] org.openqa.selenium.remote.server.DefaultDriverSessions - Driver provider org.openqa.selenium.safari.SafariDriver registration is skipped:
registration capabilities Capabilities [{platform=MAC, browserName=safari, version=}] does not match the current platform LINUX
19:59:44.805 INFO [1] org.openqa.selenium.remote.server.DefaultDriverProvider - Driver class not found: org.openqa.selenium.htmlunit.HtmlUnitDriver
19:59:44.805 INFO [1] org.openqa.selenium.remote.server.DefaultDriverFactory - Driver provider org.openqa.selenium.htmlunit.HtmlUnitDriver is not registered
19:59:44.837 INFO [1] org.openqa.grid.selenium.GridLauncher - Selenium Grid node is up and ready to register to the hub
19:59:44.862 INFO [16] org.openqa.grid.internal.utils.SelfRegisteringRemote - Starting auto registration thread. Will try to register every 5000 ms.
19:59:44.862 INFO [16] org.openqa.grid.internal.utils.SelfRegisteringRemote - Registering the node to the hub: http://172.18.0.1:4444/grid/register
19:59:44.893 INFO [16] org.openqa.grid.internal.utils.SelfRegisteringRemote - The node is registered to the hub and ready to use
