15:06:29.786 INFO [1] org.openqa.grid.selenium.GridLauncher - Launching a Selenium Grid node
15:06:29.851 INFO [1] org.openqa.grid.common.RegistrationRequest - Adding browserName=firefox,version=47.0.1,platform=LINUX
15:06:30.502 INFO [1] org.openqa.selenium.server.SeleniumServer - Writing debug logs to /var/log/2016-07-06T150629+0000.log
15:06:30.502 INFO [1] org.openqa.selenium.server.SeleniumServer - Java: Oracle Corporation 24.80-b11
15:06:30.503 INFO [1] org.openqa.selenium.server.SeleniumServer - OS: Linux 4.4.0-28-lowlatency amd64
15:06:30.512 INFO [1] org.openqa.selenium.server.SeleniumServer - v2.53.1, with Core v2.53.1. Built from revision a36b8b1
15:06:30.594 INFO [1] org.openqa.selenium.remote.server.DefaultDriverSessions - Driver provider org.openqa.selenium.ie.InternetExplorerDriver registration is skipped:
registration capabilities Capabilities [{platform=WINDOWS, ensureCleanSession=true, browserName=internet explorer, version=}] does not match the current platform LINUX
15:06:30.595 INFO [1] org.openqa.selenium.remote.server.DefaultDriverSessions - Driver provider org.openqa.selenium.edge.EdgeDriver registration is skipped:
registration capabilities Capabilities [{platform=WINDOWS, browserName=MicrosoftEdge, version=}] does not match the current platform LINUX
15:06:30.595 INFO [1] org.openqa.selenium.remote.server.DefaultDriverProvider - Driver class not found: com.opera.core.systems.OperaDriver
15:06:30.595 INFO [1] org.openqa.selenium.remote.server.DefaultDriverFactory - Driver provider com.opera.core.systems.OperaDriver is not registered
15:06:30.597 INFO [1] org.openqa.selenium.remote.server.DefaultDriverSessions - Driver provider org.openqa.selenium.safari.SafariDriver registration is skipped:
registration capabilities Capabilities [{platform=MAC, browserName=safari, version=}] does not match the current platform LINUX
15:06:30.597 INFO [1] org.openqa.selenium.remote.server.DefaultDriverProvider - Driver class not found: org.openqa.selenium.htmlunit.HtmlUnitDriver
15:06:30.598 INFO [1] org.openqa.selenium.remote.server.DefaultDriverFactory - Driver provider org.openqa.selenium.htmlunit.HtmlUnitDriver is not registered
15:06:30.651 INFO [1] org.openqa.grid.selenium.GridLauncher - Selenium Grid node is up and ready to register to the hub
15:06:30.691 INFO [16] org.openqa.grid.internal.utils.SelfRegisteringRemote - Starting auto registration thread. Will try to register every 5000 ms.
15:06:30.691 INFO [16] org.openqa.grid.internal.utils.SelfRegisteringRemote - Registering the node to the hub: http://172.18.0.1:4444/grid/register
15:06:30.715 INFO [16] org.openqa.grid.internal.utils.SelfRegisteringRemote - The node is registered to the hub and ready to use
